<?xml version="1.0" encoding="UTF-8"?>
<!-- Generated by org.testng.reporters.JUnitXMLReporter -->
<testsuite hostname="Kaushal369" ignored="0" name="Default test" tests="3" failures="0" timestamp="01 Jan 2019 12:04:48 GMT" time="47.159" errors="0">
  <testcase name="verify_Test_Title" time="0.045" classname="com.qa.PagesTest.LoginTest"/>
  <testcase name="verifyLogo" time="0.104" classname="com.qa.PagesTest.LoginTest"/>
  <testcase name="LoginTest" time="2.721" classname="com.qa.PagesTest.LoginTest"/>
</testsuite> <!-- Default test -->
