<?xml version="1.0" encoding="UTF-8"?>
<testng-results skipped="0" failed="0" ignored="0" total="3" passed="3">
  <reporter-output>
  </reporter-output>
  <suite name="Default suite" duration-ms="47159" started-at="2019-01-01T12:04:00Z" finished-at="2019-01-01T12:04:47Z">
    <groups>
    </groups>
    <test name="Default test" duration-ms="47159" started-at="2019-01-01T12:04:00Z" finished-at="2019-01-01T12:04:47Z">
      <class name="com.qa.PagesTest.LoginTest">
        <test-method status="PASS" signature="Setup()[pri:0, instance:com.qa.PagesTest.LoginTest@cb5822]" name="Setup" is-config="true" duration-ms="18314" started-at="2019-01-01T17:34:00Z" finished-at="2019-01-01T17:34:19Z">
          <reporter-output>
          </reporter-output>
        </test-method> <!-- Setup -->
        <test-method status="PASS" signature="verify_Test_Title()[pri:1, instance:com.qa.PagesTest.LoginTest@cb5822]" name="verify_Test_Title" duration-ms="45" started-at="2019-01-01T17:34:19Z" finished-at="2019-01-01T17:34:19Z">
          <reporter-output>
          </reporter-output>
        </test-method> <!-- verify_Test_Title -->
        <test-method status="PASS" signature="tearDown()[pri:0, instance:com.qa.PagesTest.LoginTest@cb5822]" name="tearDown" is-config="true" duration-ms="662" started-at="2019-01-01T17:34:19Z" finished-at="2019-01-01T17:34:19Z">
          <reporter-output>
          </reporter-output>
        </test-method> <!-- tearDown -->
        <test-method status="PASS" signature="Setup()[pri:0, instance:com.qa.PagesTest.LoginTest@cb5822]" name="Setup" is-config="true" duration-ms="12880" started-at="2019-01-01T17:34:19Z" finished-at="2019-01-01T17:34:32Z">
          <reporter-output>
          </reporter-output>
        </test-method> <!-- Setup -->
        <test-method status="PASS" signature="verifyLogo()[pri:2, instance:com.qa.PagesTest.LoginTest@cb5822]" name="verifyLogo" duration-ms="104" started-at="2019-01-01T17:34:32Z" finished-at="2019-01-01T17:34:32Z">
          <reporter-output>
          </reporter-output>
        </test-method> <!-- verifyLogo -->
        <test-method status="PASS" signature="tearDown()[pri:0, instance:com.qa.PagesTest.LoginTest@cb5822]" name="tearDown" is-config="true" duration-ms="487" started-at="2019-01-01T17:34:32Z" finished-at="2019-01-01T17:34:33Z">
          <reporter-output>
          </reporter-output>
        </test-method> <!-- tearDown -->
        <test-method status="PASS" signature="Setup()[pri:0, instance:com.qa.PagesTest.LoginTest@cb5822]" name="Setup" is-config="true" duration-ms="11501" started-at="2019-01-01T17:34:33Z" finished-at="2019-01-01T17:34:44Z">
          <reporter-output>
          </reporter-output>
        </test-method> <!-- Setup -->
        <test-method status="PASS" signature="LoginTest()[pri:3, instance:com.qa.PagesTest.LoginTest@cb5822]" name="LoginTest" duration-ms="2721" started-at="2019-01-01T17:34:44Z" finished-at="2019-01-01T17:34:47Z">
          <reporter-output>
          </reporter-output>
        </test-method> <!-- LoginTest -->
        <test-method status="PASS" signature="tearDown()[pri:0, instance:com.qa.PagesTest.LoginTest@cb5822]" name="tearDown" is-config="true" duration-ms="407" started-at="2019-01-01T17:34:47Z" finished-at="2019-01-01T17:34:47Z">
          <reporter-output>
          </reporter-output>
        </test-method> <!-- tearDown -->
      </class> <!-- com.qa.PagesTest.LoginTest -->
    </test> <!-- Default test -->
  </suite> <!-- Default suite -->
</testng-results>
